23:00:38 **** Incremental Build of configuration Debug for project OpenCL_001 ****
make all 
Building file: ../main.c
Invoking: GCC C Compiler
gcc -I/opt/intel/opencl-sdk/include -O0 -g3 -Wall -c -fmessage-length=0 -MMD -MP -MF"main.d" -MT"main.d" -o "main.o" "../main.c"
../main.c: In function ‘main’:
../main.c:47:1: warning: ‘clCreateCommandQueue’ is deprecated [-Wdeprecated-declarations]
 command_queue = clCreateCommandQueue(context, device_id, 0, &ret);
 ^~~~~~~~~~~~~
In file included from ../main.c:4:0:
/opt/intel/opencl-sdk/include/CL/cl.h:1428:1: note: declared here
 clCreateCommandQueue(cl_context                     /* context */,
 ^~~~~~~~~~~~~~~~~~~~
../main.c:66:1: warning: ‘clEnqueueTask’ is deprecated [-Wdeprecated-declarations]
 ret = clEnqueueTask(command_queue, kernel, 0, NULL,NULL);
 ^~~
In file included from ../main.c:4:0:
/opt/intel/opencl-sdk/include/CL/cl.h:1442:1: note: declared here
 clEnqueueTask(cl_command_queue  /* command_queue */,
 ^~~~~~~~~~~~~
Finished building: ../main.c
 
Building target: OpenCL_001
Invoking: GCC C Linker
gcc -o "OpenCL_001"  ./main.o   -L/opt/intel/opencl-sdk/lib64 -lOpenCL
Finished building target: OpenCL_001
 

23:00:38 Build Finished (took 490ms)

